ANF: getWrealXZStateValue('simv: undefined symbol: getWrealXZStateValue')
ANF: vcsd_register_1st_RTL_rfn('simv: undefined symbol: vcsd_register_1st_RTL_rfn')
ANF: vcsd_register_1st_sequential_rfn('simv: undefined symbol: vcsd_register_1st_sequential_rfn')
ANF: vcsd_register_2nd_RTL_rfn('simv: undefined symbol: vcsd_register_2nd_RTL_rfn')
ANF: vcsd_register_2nd_sequential_rfn('simv: undefined symbol: vcsd_register_2nd_sequential_rfn')
ANF: vcsd_register_1st_RTL_master_confirm('simv: undefined symbol: vcsd_register_1st_RTL_master_confirm')
ANF: vcsd_register_1st_RTL_master_defer('simv: undefined symbol: vcsd_register_1st_RTL_master_defer')
ANF: vcsd_register_2nd_RTL_master_remainRTL('simv: undefined symbol: vcsd_register_2nd_RTL_master_remainRTL')
ANF: vcsd_register_2nd_RTL_master_becomePrimary('simv: undefined symbol: vcsd_register_2nd_RTL_master_becomePrimary')
ANF: vcsd_register_1st_sequential_master_confirm('simv: undefined symbol: vcsd_register_1st_sequential_master_confirm')
ANF: vcsd_register_1st_sequential_master_defer('simv: undefined symbol: vcsd_register_1st_sequential_master_defer')
ANF: vcsd_register_2nd_sequential_master_remainSequential('simv: undefined symbol: vcsd_register_2nd_sequential_master_remainSequential')
ANF: vcsd_register_2nd_sequential_master_becomePrimary('simv: undefined symbol: vcsd_register_2nd_sequential_master_becomePrimary')
ANF: vcsd_set_sequential_interval_cb('simv: undefined symbol: vcsd_set_sequential_interval_cb')
ANF: vcsd_vc_ptr_disable_vc('simv: undefined symbol: vcsd_vc_ptr_disable_vc')
ANF: vcsd_vc_ptr_enable_vc('simv: undefined symbol: vcsd_vc_ptr_enable_vc')
ANF: vcsd_register_sequential_glitch('simv: undefined symbol: vcsd_register_sequential_glitch')
ANF: vcsd_is_string_cbks_on('simv: undefined symbol: vcsd_is_string_cbks_on')
ANF: scsd_xprop_is_enabled('simv: undefined symbol: scsd_xprop_is_enabled')
ANF: scsd_xprop_sig_is_promoted('simv: undefined symbol: scsd_xprop_sig_is_promoted')
ANF: scsd_xprop_int_xvalue('simv: undefined symbol: scsd_xprop_int_xvalue')
ANF: scsd_xprop_bool_xvalue('simv: undefined symbol: scsd_xprop_bool_xvalue')
ANF: scsd_xprop_enum_xvalue('simv: undefined symbol: scsd_xprop_enum_xvalue')
ANF: scsd_xprop_register_merge_mode_cb('simv: undefined symbol: scsd_xprop_register_merge_mode_cb')
ANF: scsd_xprop_delete_merge_mode_cb('simv: undefined symbol: scsd_xprop_delete_merge_mode_cb')
ANF: scsd_xprop_get_merge_mode('simv: undefined symbol: scsd_xprop_get_merge_mode')
ANF: msvEnableDumpingMode('simv: undefined symbol: msvEnableDumpingMode')
ANF: msvGetVersion('simv: undefined symbol: msvGetVersion')
ANF: msvGetInstProp('simv: undefined symbol: msvGetInstProp')
ANF: msvIsSpiceEngineReady('simv: undefined symbol: msvIsSpiceEngineReady')
ANF: msvSetAddProbeCallback('simv: undefined symbol: msvSetAddProbeCallback')
ANF: msvGetInstHandle('simv: undefined symbol: msvGetInstHandle')
ANF: msvGetProbeByInst('simv: undefined symbol: msvGetProbeByInst')
ANF: msvGetSigHandle('simv: undefined symbol: msvGetSigHandle')
ANF: msvGetProbeBySig('simv: undefined symbol: msvGetProbeBySig')
ANF: msvGetProbeInfo('simv: undefined symbol: msvGetProbeInfo')
ANF: msvRelease('simv: undefined symbol: msvRelease')
ANF: msvSetVcCallbackFunc('simv: undefined symbol: msvSetVcCallbackFunc')
ANF: msvCheckVcCallback('simv: undefined symbol: msvCheckVcCallback')
ANF: msvAddVcCallback('simv: undefined symbol: msvAddVcCallback')
ANF: msvRemoveVcCallback('simv: undefined symbol: msvRemoveVcCallback')
ANF: msvGetLatestValue('simv: undefined symbol: msvGetLatestValue')
ANF: msvSetEndofSimCallback('simv: undefined symbol: msvSetEndofSimCallback')
ANF: msvIgnoredProbe('simv: undefined symbol: msvIgnoredProbe')
ANF: msvGetThruNetInfo('simv: undefined symbol: msvGetThruNetInfo')
ANF: msvFreeThruNetInfo('simv: undefined symbol: msvFreeThruNetInfo')
ANF: PI_ace_get_output_time_unit('simv: undefined symbol: PI_ace_get_output_time_unit')
ANF: PI_ace_sim_sync('simv: undefined symbol: PI_ace_sim_sync')
ANF: msvGetRereadInitFile('simv: undefined symbol: msvGetRereadInitFile')
ANF: msvSetBeforeRereadCallback('simv: undefined symbol: msvSetBeforeRereadCallback')
ANF: msvSetAfterRereadCallback('simv: undefined symbol: msvSetAfterRereadCallback')
ANF: msvSetForceCallback('simv: undefined symbol: msvSetForceCallback')
ANF: msvSetReleaseCallback('simv: undefined symbol: msvSetReleaseCallback')
ANF: msvGetForceStatus('simv: undefined symbol: msvGetForceStatus')
ANF: upf_enum_to_str('simv: undefined symbol: upf_enum_to_str')
ANF: upf_str_to_enum('simv: undefined symbol: upf_str_to_enum')
ANF: upf_get('simv: undefined symbol: upf_get')
ANF: upf_get_str('simv: undefined symbol: upf_get_str')
ANF: upf_get_real('simv: undefined symbol: upf_get_real')
ANF: upf_handle('simv: undefined symbol: upf_handle')
ANF: upf_handle_by_index('simv: undefined symbol: upf_handle_by_index')
ANF: upf_handle_by_str_map_key('simv: undefined symbol: upf_handle_by_str_map_key')
ANF: upf_iterator('simv: undefined symbol: upf_iterator')
ANF: upf_scan('simv: undefined symbol: upf_scan')
ANF: upf_release_handle('simv: undefined symbol: upf_release_handle')
ANF: upf_create_callback('simv: undefined symbol: upf_create_callback')
ANF: upf_register_callback('simv: undefined symbol: upf_register_callback')
ANF: upf_remove_callback('simv: undefined symbol: upf_remove_callback')
ANF: upf_get_value('simv: undefined symbol: upf_get_value')
ANF: upf_trigger_all_registered_callbacks('simv: undefined symbol: upf_trigger_all_registered_callbacks')
ANF: upf_convert_value_to_str('simv: undefined symbol: upf_convert_value_to_str')
ANF: plato_init('simv: undefined symbol: plato_init')
ANF: get_upf_root('simv: undefined symbol: get_upf_root')
ANF: get_pvh_root('simv: undefined symbol: get_pvh_root')
ANF: pvh_get('simv: undefined symbol: pvh_get')
ANF: pvh_handle('simv: undefined symbol: pvh_handle')
ANF: pvh_iterator('simv: undefined symbol: pvh_iterator')
ANF: pvh_scan('simv: undefined symbol: pvh_scan')
ANF: pvh_release_handle('simv: undefined symbol: pvh_release_handle')
VCS compile option:
 option[0]: simv
 option[1]: +lint=TFIPC-L
 option[2]: +lint=PCWM
 option[3]: +v2k
 option[4]: +nospecify
 option[5]: +notimingcheck
 option[6]: -a
 option[7]: command.log
 option[8]: /eda/synopsys/vcs_2015/linux64/bin/vcs1
 option[9]: -Mcc=gcc
 option[10]: -Mcplusplus=g++
 option[11]: -Masflags=
 option[12]: -Mcfl= -pipe -fPIC -O -I/eda/synopsys/vcs_2015/include 
 option[13]: -Mxcflags= -pipe -fPIC -I/eda/synopsys/vcs_2015/include
 option[14]: -Mldflags= -rdynamic 
 option[15]: -Mout=simv
 option[16]: -Mamsrun=
 option[17]: -Mvcsaceobjs=
 option[18]: -Mobjects= /eda/synopsys/vcs_2015/linux64/lib/libvirsim.so /eda/synopsys/vcs_2015/linux64/lib/liberrorinf.so /eda/synopsys/vcs_2015/linux64/lib/libsnpsmalloc.so /eda/synopsys/verdi_2016/share/PLI/VCS/LINUX64/pli.a 
 option[19]: -Mexternalobj=
 option[20]: -Msaverestoreobj=/eda/synopsys/vcs_2015/linux64/lib/vcs_save_restore_new.o
 option[21]: -Mcrt0=
 option[22]: -Mcrtn=
 option[23]: -Mcsrc=
 option[24]: -Msyslibs=-ldl -lm 
 option[25]: -l
 option[26]: command.log
 option[27]: -Xvcs_run_simv=1
 option[28]: -full64
 option[29]: -debug_access+all+dmptf+bc
 option[30]: +vpi
 option[31]: +vcsd
 option[32]: +memcbk
 option[33]: +itf+/eda/synopsys/vcs_2015/linux64/lib/vcsdp.tab
 option[34]: -debug_region=cell+lib
 option[35]: -Xpiyushb1=0x80
 option[36]: +lint=TFIPC-L
 option[37]: +lint=PCWM
 option[38]: +v2k
 option[39]: -P
 option[40]: /eda/synopsys/verdi_2016/share/PLI/VCS/LINUX64/novas.tab
 option[41]: +nospecify
 option[42]: +notimingcheck
 option[43]: -picarchive
 option[44]: -debug_access+class+driver+dmptf+bc
 option[45]: -debug_region=cell+lib
 option[46]: -sverilog
 option[47]: -gen_obj
 option[48]: tb.v
Chronologic Simulation VCS Release K-2015.09-SP2-1_Full64
Linux 2.6.32-71.el6.x86_64 #1 SMP Fri May 20 03:51:51 BST 2011 x86_64
CPU cores: 16
Limit information:
======================================
cputime			unlimited
filesize		unlimited
datasize		unlimited
stacksize		65536 kbytes
coredumpsize	0 kbytes
memoryuse		unlimited
vmemoryuse		unlimited
descriptors		1024
memorylocked	64 kbytes
maxproc			1024
======================================
(Special)Runtime environment variables:

Runtime environment variables:
MANPATH=/home/EDA/mpich2-1.4.1p1/bin:/usr/local/gnuplot/share/man/man1:
HOSTNAME=fpga
UNAME=/bin/uname
SELINUX_ROLE_REQUESTED=
SCRNAME=vcs
VCS_DEPTH=0
TERM=xterm
SHELL=/bin/bash
HISTSIZE=1000
TMPDIR=/home/tmp
SSH_CLIENT=10.101.101.74 50111 22
SELINUX_USE_CURRENT_RANGE=
VCS_LOG_FILE=command.log
QTDIR=/opt/qtsdk-2010.02/qt
QTINC=/usr/lib64/qt-3.3/include
SSH_TTY=/dev/pts/38
LC_ALL=C
GNUPLOT=/usr/local/gnuplot
USER=liuhena
VERDI_FSDB=/eda/synopsys/verdi_2016/share/PLI/VCS/LINUX64
LD_LIBRARY_PATH=/eda/synopsys/vcs_2015/linux64/lib:/home/EDA/Xilinx/Model_Composer/2017.4/bin:/home/EDA/Xilinx/SDK/2017.4/bin:/home/EDA/Xilinx/SDK/2017.4/gnu/microblaze/lin/bin:/home/EDA/Xilinx/SDK/2017.4/gnu/arm/lin/bin:/home/EDA/Xilinx/SDK/2017.4/gnu/microblaze/linux_toolchain/lin64_le/bin:/home/EDA/Xilinx/SDK/2017.4/gnu/aarch32/lin/gcc-arm-linux-gnueabi/bin:/home/EDA/Xilinx/SDK/2017.4/gnu/aarch32/lin/gcc-arm-none-eabi/bin:/home/EDA/Xilinx/SDK/2017.4/gnu/aarch64/lin/aarch64-linux/bin:/home/EDA/Xilinx/SDK/2017.4/gnu/aarch64/lin/aarch64-none/bin:/home/EDA/Xilinx/SDK/2017.4/gnu/armr5/lin/gcc-arm-none-eabi/bin:/home/EDA/Xilinx/SDK/2017.4/tps/lnx64/cmake-3.3.2/bin:/home/EDA/Xilinx/Vivado/2017.4/bin:/home/EDA/Xilinx/DocNav:/opt/matlab2009b/bin:/usr/local/noxim/AccessNoxim_v0.2/bin:/home/simplescalar/bin:/home/simplescalar/simplesim:/usr/local/gnuplot/bin:/home/CodeBench/bin:/opt/qtsdk-2010.02/qt/bin:/usr/lib64/qt-3.3/bin:/usr/local/bin:/bin:/usr/bin:/usr/local/sbin:/usr/sbin:/sbin:/home/ns2/ns-allinone-2.35/bin:/home/ns2/ns-allinone-2.35/tcl8.5.10/unix:/home/ns2/ns-allinone-2.35/tk8.5.10/unix:/usr/local/gcc4.9.2:/usr/local/gmp-5.1.3/lib:/usr/local/mpfr-3.1.2/lib:/usr/local/mpc-1.0.2/lib:/home/EDA/mpich2-1.4.1p1/bin:/usr/local/python-3.4.1/bin:/eda/synopsys/scl_11_12/linux64/bin:/home/EDA/synopsys/synplify_201503/bin:/eda/synopsys/vcs_2015/bin:/eda/synopsys/vcs_2015/gui/dve/bin:/eda/synopsys/verdi_2016/bin:/eda/synopsys/verdi_2016/share/PLI/lib/LINUX64
LS_COLORS=rs=0:di=01;34:ln=01;36:mh=00:pi=40;33:so=01;35:do=01;35:bd=40;33;01:cd=40;33;01:or=40;31;01:mi=01;05;37;41:su=37;41:sg=30;43:ca=30;41:tw=30;42:ow=34;42:st=37;44:ex=01;32:*.tar=01;31:*.tgz=01;31:*.arj=01;31:*.taz=01;31:*.lzh=01;31:*.lzma=01;31:*.tlz=01;31:*.txz=01;31:*.zip=01;31:*.z=01;31:*.Z=01;31:*.dz=01;31:*.gz=01;31:*.lz=01;31:*.xz=01;31:*.bz2=01;31:*.tbz=01;31:*.tbz2=01;31:*.bz=01;31:*.tz=01;31:*.deb=01;31:*.rpm=01;31:*.jar=01;31:*.rar=01;31:*.ace=01;31:*.zoo=01;31:*.cpio=01;31:*.7z=01;31:*.rz=01;31:*.jpg=01;35:*.jpeg=01;35:*.gif=01;35:*.bmp=01;35:*.pbm=01;35:*.pgm=01;35:*.ppm=01;35:*.tga=01;35:*.xbm=01;35:*.xpm=01;35:*.tif=01;35:*.tiff=01;35:*.png=01;35:*.svg=01;35:*.svgz=01;35:*.mng=01;35:*.pcx=01;35:*.mov=01;35:*.mpg=01;35:*.mpeg=01;35:*.m2v=01;35:*.mkv=01;35:*.ogm=01;35:*.mp4=01;35:*.m4v=01;35:*.mp4v=01;35:*.vob=01;35:*.qt=01;35:*.nuv=01;35:*.wmv=01;35:*.asf=01;35:*.rm=01;35:*.rmvb=01;35:*.flc=01;35:*.avi=01;35:*.fli=01;35:*.flv=01;35:*.gl=01;35:*.dl=01;35:*.xcf=01;35:*.xwd=01;35:*.yuv=01;35:*.cgm=01;35:*.emf=01;35:*.axv=01;35:*.anx=01;35:*.ogv=01;35:*.ogx=01;35:*.aac=01;36:*.au=01;36:*.flac=01;36:*.mid=01;36:*.midi=01;36:*.mka=01;36:*.mp3=01;36:*.mpc=01;36:*.ogg=01;36:*.ra=01;36:*.wav=01;36:*.axa=01;36:*.oga=01;36:*.spx=01;36:*.xspf=01;36:
SCRIPT_NAME=vcs
TCL_LIBRARY=:/home/ns2/ns-allinone-2.35/tcl8.5.10/library
VCS_MX_HOME_INTERNAL=1
DVE_HOME=/eda/synopsys/vcs_2015/gui/dve
SNPSLMD_LICENSE_FILE=28000@fpga
OVA_UUM=0
VCS_MODE_FLAG=64
MAIL=/var/spool/mail/liuhena
PATH=.:/home/EDA/Xilinx/Model_Composer/2017.4/bin:/home/EDA/Xilinx/SDK/2017.4/bin:/home/EDA/Xilinx/SDK/2017.4/gnu/microblaze/lin/bin:/home/EDA/Xilinx/SDK/2017.4/gnu/arm/lin/bin:/home/EDA/Xilinx/SDK/2017.4/gnu/microblaze/linux_toolchain/lin64_le/bin:/home/EDA/Xilinx/SDK/2017.4/gnu/aarch32/lin/gcc-arm-linux-gnueabi/bin:/home/EDA/Xilinx/SDK/2017.4/gnu/aarch32/lin/gcc-arm-none-eabi/bin:/home/EDA/Xilinx/SDK/2017.4/gnu/aarch64/lin/aarch64-linux/bin:/home/EDA/Xilinx/SDK/2017.4/gnu/aarch64/lin/aarch64-none/bin:/home/EDA/Xilinx/SDK/2017.4/gnu/armr5/lin/gcc-arm-none-eabi/bin:/home/EDA/Xilinx/SDK/2017.4/tps/lnx64/cmake-3.3.2/bin:/home/EDA/Xilinx/Vivado/2017.4/bin:/home/EDA/Xilinx/DocNav:/opt/matlab2009b/bin:/usr/local/noxim/AccessNoxim_v0.2/bin:/home/simplescalar/bin:/home/simplescalar/simplesim:/usr/local/gnuplot/bin:/home/CodeBench/bin:/opt/qtsdk-2010.02/qt/bin:/usr/lib64/qt-3.3/bin:/usr/local/bin:/bin:/usr/bin:/usr/local/sbin:/usr/sbin:/sbin:/home/ns2/ns-allinone-2.35/bin:/home/ns2/ns-allinone-2.35/tcl8.5.10/unix:/home/ns2/ns-allinone-2.35/tk8.5.10/unix:/usr/local/gcc4.9.2:/usr/local/gmp-5.1.3/lib:/usr/local/mpfr-3.1.2/lib:/usr/local/mpc-1.0.2/lib:/home/EDA/mpich2-1.4.1p1/bin:/usr/local/python-3.4.1/bin:/eda/synopsys/scl_11_12/linux64/bin:/home/EDA/synopsys/synplify_201503/bin:/eda/synopsys/vcs_2015/bin:/eda/synopsys/vcs_2015/gui/dve/bin:/eda/synopsys/verdi_2016/bin:/eda/synopsys/dc_2016/bin:/eda/synopsys/pt_2016/bin:/eda/synopsys/icc_2016/bin:/eda/synopsys/fm_2017/bin:/eda/synopsys/lib_compiler_2016/bin:/eda/synopsys/milkway_2016/bin/linux64:/home/EDA/synopsys/starrc_2016/bin:/eda/synopsys/spyglass_2016/SpyGlass-L2016.06/SPYGLASS_HOME/bin/:/home/EDA/riscv/bin/:/home/train/liuhena/bin
VERDI_HOME=/eda/synopsys/verdi_2016
PWD=/home/train/liuhena/Shuzixitong/Excute
VCS_HOME=/eda/synopsys/vcs_2015
LANG=en_US.UTF-8
KDE_IS_PRELINKED=1
VCS_ARCH_OVERRIDE=linux
KDEDIRS=/usr
VMR_MODE_FLAG=64
SYSTEMC_HOME=/eda/systemc_2.3.1
SELINUX_LEVEL_REQUESTED=
LM_LICENSE_FILE=/eda/synopsys/license/synopsys.dat
XILINX_VIVADO=/home/EDA/Xilinx/Vivado/2017.4
SSH_ASKPASS=/usr/libexec/openssh/gnome-ssh-askpass
HISTCONTROL=ignoredups
VCS_ARG_ADDED_FOR_TMP=1
SNPS_VCS_TMPDIR=/home/tmp/vcs_20180417134327_1290
SHLVL=3
HOME=/home/train/liuhena
VCS_COM=/eda/synopsys/vcs_2015/linux64/bin/vcs1
LOGNAME=liuhena
SPYGLASS_HOME=/eda/synopsys/spyglass_2016/SpyGlass-L2016.06/SPYGLASS_HOME/
QTLIB=/usr/lib64/qt-3.3/lib
CVS_RSH=ssh
SSH_CONNECTION=10.101.101.74 50111 219.244.80.6 22
SVNPATH=/usr/lib64/qt-3.3/bin:/usr/local/bin:/bin:/usr/bin:/usr/local/sbin:/usr/sbin:/sbin:/eda/svn/bin
LESSOPEN=|/usr/bin/lesspipe.sh %s
sysc_uni_pwd=/home/train/liuhena/Shuzixitong/Excute
SYNPLIFY_HOME=/home/EDA/synopsys/synplify_201503
DISPLAY=localhost:34.0
VCS_ARCH=linux64
TOOL_HOME=/eda/synopsys/vcs_2015/linux64
G_BROKEN_FILENAMES=1
_=./simv
VCS_PATHMAP_PRELOAD_DONE=1
DVE=/eda/synopsys/vcs_2015/gui/dve
SPECMAN_OUTPUT_TO_TTY=1
Runtime command line arguments:
argv[0]=simv
argv[1]=+lint=TFIPC-L
argv[2]=+lint=PCWM
argv[3]=+v2k
argv[4]=+nospecify
argv[5]=+notimingcheck
argv[6]=-a
argv[7]=command.log
224 profile - 100
          CPU/Mem usage: 0.030 sys,  0.360 user,  289.44M sys,  0.00M vm
225 VC callback profile - scalar:0 vector:0
226 Tue Apr 17 21:43:43 2018
227 pliAppInit
228 *Verdi3* : FSDB_GATE is set.
229 *Verdi3* : Enable Parallel Dumping.
230 pliAppMiscSet: New Sim Round
231 pliEntryInit
232 LIBSSCORE=found /eda/synopsys/verdi_2016/share/PLI/lib/LINUXAMD64/libsscore_vcs201509.so through $NOVAS_HOME setting.
233 FSDB Dumper for VCS, Release Verdi3_L-2016.06-1, Linux x86_64/64bit, 07/10/2016
234 (C) 1996 - 2016 by Synopsys, Inc.
235 sps_call_fsdbDumpfile at 0 : tb.v(38)
236 argv[0]: tb.fsdb
237 *Verdi3* FSDB WARNING: The FSDB file already exists. Overwriting the FSDB file may crash the programs that are using this file.
238 *Verdi3* : Create FSDB file 'tb.fsdb'
239 sps_call_fsdbDumpvars at 0 : tb.v(39)
240 *Verdi3* : Begin traversing the scopes, layer (0).
241 *Verdi3* : End of traversing.
242 fsdbDumpvars traverse var: profile - 
          CPU/Mem usage: 0.030 sys,  0.370 user,  380.97M sys,  0.00M vm
                   incr: 0.000 sys,  0.000 user,  7.29M sys,  0.00M vm
                   accu: 0.000 sys,  0.000 user,  7.29M sys,  0.00M vm
              accu incr: 0.000 sys,  0.000 user,  7.29M sys,  0.00M vm

          Count usage: 14 var,  13 idcode,  6 callback
                 incr: 14 var,  13 idcode,  6 callback
                 accu: 14 var,  13 idcode,  6 callback
            accu incr: 14 var,  13 idcode,  6 callback
243 VC callback profile - scalar:0 vector:0
244 Tue Apr 17 21:43:43 2018
245 fsdbDumpvars: profile - 
          CPU/Mem usage: 0.030 sys,  0.370 user,  382.16M sys,  0.00M vm
                   incr: 0.000 sys,  0.000 user,  1.19M sys,  0.00M vm
                   accu: 0.000 sys,  0.000 user,  8.47M sys,  0.00M vm
              accu incr: 0.000 sys,  0.000 user,  1.19M sys,  0.00M vm

          Count usage: 14 var,  13 idcode,  6 callback
                 incr: 0 var,  0 idcode,  0 callback
                 accu: 14 var,  13 idcode,  6 callback
            accu incr: 0 var,  0 idcode,  0 callback
246 VC callback profile - scalar:0 vector:6
247 Tue Apr 17 21:43:43 2018
248 End of simulation at 16
249 VC callback profile - scalar:0 vector:44
250 Tue Apr 17 21:43:43 2018
251 Parallel profile    -  Flush:3 Expand:0 ProduceWait:0 ConsumerWait:0 BlockUsed:0
252                        ProduceTime:0.414434507 ConsumerTime:0.000000000 Buffer:64MB
253 SimExit
254 Sim process exit
